ERROR - 2025-01-06 08:26:56 --> mysqli_sql_exception: Table 'properti.data_art' doesn't exist in engine in F:\PROJECT\Proses\properti2\vendor\codeigniter4\framework\system\Database\MySQLi\Connection.php:312
Stack trace:
#0 F:\PROJECT\Proses\properti2\vendor\codeigniter4\framework\system\Database\MySQLi\Connection.php(312): mysqli->query('SELECT `data_ar...', 0)
#1 F:\PROJECT\Proses\properti2\vendor\codeigniter4\framework\system\Database\BaseConnection.php(734): CodeIgniter\Database\MySQLi\Connection->execute('SELECT `data_ar...')
#2 F:\PROJECT\Proses\properti2\vendor\codeigniter4\framework\system\Database\BaseConnection.php(648): CodeIgniter\Database\BaseConnection->simpleQuery('SELECT `data_ar...')
#3 F:\PROJECT\Proses\properti2\vendor\codeigniter4\framework\system\Database\BaseBuilder.php(1644): CodeIgniter\Database\BaseConnection->query('SELECT `data_ar...', Array, false)
#4 F:\PROJECT\Proses\properti2\vendor\codeigniter4\framework\system\Model.php(286): CodeIgniter\Database\BaseBuilder->get()
#5 F:\PROJECT\Proses\properti2\vendor\codeigniter4\framework\system\BaseModel.php(676): CodeIgniter\Model->doFindAll(0, 0)
#6 F:\PROJECT\Proses\properti2\app\Models\ArtModel.php(31): CodeIgniter\BaseModel->findAll()
#7 F:\PROJECT\Proses\properti2\app\Controllers\Home.php(28): App\Models\ArtModel->getAllArtWithKat()
#8 F:\PROJECT\Proses\properti2\vendor\codeigniter4\framework\system\CodeIgniter.php(933): App\Controllers\Home->index()
#9 F:\PROJECT\Proses\properti2\vendor\codeigniter4\framework\system\CodeIgniter.php(509): CodeIgniter\CodeIgniter->runController(Object(App\Controllers\Home))
#10 F:\PROJECT\Proses\properti2\vendor\codeigniter4\framework\system\CodeIgniter.php(355): CodeIgniter\CodeIgniter->handleRequest(NULL, Object(Config\Cache), false)
#11 F:\PROJECT\Proses\properti2\vendor\codeigniter4\framework\system\Boot.php(325): CodeIgniter\CodeIgniter->run()
#12 F:\PROJECT\Proses\properti2\vendor\codeigniter4\framework\system\Boot.php(67): CodeIgniter\Boot::runCodeIgniter(Object(CodeIgniter\CodeIgniter))
#13 F:\PROJECT\Proses\properti2\public\index.php(56): CodeIgniter\Boot::bootWeb(Object(Config\Paths))
#14 F:\PROJECT\Proses\properti2\vendor\codeigniter4\framework\system\rewrite.php(44): require_once('F:\\PROJECT\\Pros...')
#15 {main}
CRITICAL - 2025-01-06 08:26:56 --> CodeIgniter\Database\Exceptions\DatabaseException: Table 'properti.data_art' doesn't exist in engine
[Method: GET, Route: /]
in SYSTEMPATH\Database\BaseConnection.php on line 688.
 1 SYSTEMPATH\Database\BaseBuilder.php(1644): CodeIgniter\Database\BaseConnection->query('SELECT `data_art`.*, `data_kat`.*, `data_art`.`updated_at` as `art_updated_at`
FROM `data_art`
JOIN `data_kat` ON `data_kat`.`kat_id` = `data_art`.`kat_id`
ORDER BY `art_updated_at` DESC', [], false)
 2 SYSTEMPATH\Model.php(286): CodeIgniter\Database\BaseBuilder->get()
 3 SYSTEMPATH\BaseModel.php(676): CodeIgniter\Model->doFindAll(0, 0)
 4 APPPATH\Models\ArtModel.php(31): CodeIgniter\BaseModel->findAll()
 5 APPPATH\Controllers\Home.php(28): App\Models\ArtModel->getAllArtWithKat()
 6 SYSTEMPATH\CodeIgniter.php(933): App\Controllers\Home->index()
 7 SYSTEMPATH\CodeIgniter.php(509): CodeIgniter\CodeIgniter->runController(Object(App\Controllers\Home))
 8 SYSTEMPATH\CodeIgniter.php(355): CodeIgniter\CodeIgniter->handleRequest(null, Object(Config\Cache), false)
 9 SYSTEMPATH\Boot.php(325): CodeIgniter\CodeIgniter->run()
10 SYSTEMPATH\Boot.php(67): CodeIgniter\Boot::runCodeIgniter(Object(CodeIgniter\CodeIgniter))
11 FCPATH\index.php(56): CodeIgniter\Boot::bootWeb(Object(Config\Paths))
12 SYSTEMPATH\rewrite.php(44): require_once('F:\\PROJECT\\Proses\\properti2\\public\\index.php')
CRITICAL - 2025-01-06 08:26:56 --> [Caused by] CodeIgniter\Database\Exceptions\DatabaseException: Table 'properti.data_art' doesn't exist in engine
in SYSTEMPATH\Database\MySQLi\Connection.php on line 317.
 1 SYSTEMPATH\Database\BaseConnection.php(734): CodeIgniter\Database\MySQLi\Connection->execute('SELECT `data_art`.*, `data_kat`.*, `data_art`.`updated_at` as `art_updated_at`
FROM `data_art`
JOIN `data_kat` ON `data_kat`.`kat_id` = `data_art`.`kat_id`
ORDER BY `art_updated_at` DESC')
 2 SYSTEMPATH\Database\BaseConnection.php(648): CodeIgniter\Database\BaseConnection->simpleQuery('SELECT `data_art`.*, `data_kat`.*, `data_art`.`updated_at` as `art_updated_at`
FROM `data_art`
JOIN `data_kat` ON `data_kat`.`kat_id` = `data_art`.`kat_id`
ORDER BY `art_updated_at` DESC')
 3 SYSTEMPATH\Database\BaseBuilder.php(1644): CodeIgniter\Database\BaseConnection->query('SELECT `data_art`.*, `data_kat`.*, `data_art`.`updated_at` as `art_updated_at`
FROM `data_art`
JOIN `data_kat` ON `data_kat`.`kat_id` = `data_art`.`kat_id`
ORDER BY `art_updated_at` DESC', [], false)
 4 SYSTEMPATH\Model.php(286): CodeIgniter\Database\BaseBuilder->get()
 5 SYSTEMPATH\BaseModel.php(676): CodeIgniter\Model->doFindAll(0, 0)
 6 APPPATH\Models\ArtModel.php(31): CodeIgniter\BaseModel->findAll()
 7 APPPATH\Controllers\Home.php(28): App\Models\ArtModel->getAllArtWithKat()
 8 SYSTEMPATH\CodeIgniter.php(933): App\Controllers\Home->index()
 9 SYSTEMPATH\CodeIgniter.php(509): CodeIgniter\CodeIgniter->runController(Object(App\Controllers\Home))
10 SYSTEMPATH\CodeIgniter.php(355): CodeIgniter\CodeIgniter->handleRequest(null, Object(Config\Cache), false)
11 SYSTEMPATH\Boot.php(325): CodeIgniter\CodeIgniter->run()
12 SYSTEMPATH\Boot.php(67): CodeIgniter\Boot::runCodeIgniter(Object(CodeIgniter\CodeIgniter))
13 FCPATH\index.php(56): CodeIgniter\Boot::bootWeb(Object(Config\Paths))
14 SYSTEMPATH\rewrite.php(44): require_once('F:\\PROJECT\\Proses\\properti2\\public\\index.php')
CRITICAL - 2025-01-06 08:26:56 --> [Caused by] mysqli_sql_exception: Table 'properti.data_art' doesn't exist in engine
in SYSTEMPATH\Database\MySQLi\Connection.php on line 312.
 1 SYSTEMPATH\Database\MySQLi\Connection.php(312): mysqli->query('SELECT `data_art`.*, `data_kat`.*, `data_art`.`updated_at` as `art_updated_at`
FROM `data_art`
JOIN `data_kat` ON `data_kat`.`kat_id` = `data_art`.`kat_id`
ORDER BY `art_updated_at` DESC', 0)
 2 SYSTEMPATH\Database\BaseConnection.php(734): CodeIgniter\Database\MySQLi\Connection->execute('SELECT `data_art`.*, `data_kat`.*, `data_art`.`updated_at` as `art_updated_at`
FROM `data_art`
JOIN `data_kat` ON `data_kat`.`kat_id` = `data_art`.`kat_id`
ORDER BY `art_updated_at` DESC')
 3 SYSTEMPATH\Database\BaseConnection.php(648): CodeIgniter\Database\BaseConnection->simpleQuery('SELECT `data_art`.*, `data_kat`.*, `data_art`.`updated_at` as `art_updated_at`
FROM `data_art`
JOIN `data_kat` ON `data_kat`.`kat_id` = `data_art`.`kat_id`
ORDER BY `art_updated_at` DESC')
 4 SYSTEMPATH\Database\BaseBuilder.php(1644): CodeIgniter\Database\BaseConnection->query('SELECT `data_art`.*, `data_kat`.*, `data_art`.`updated_at` as `art_updated_at`
FROM `data_art`
JOIN `data_kat` ON `data_kat`.`kat_id` = `data_art`.`kat_id`
ORDER BY `art_updated_at` DESC', [], false)
 5 SYSTEMPATH\Model.php(286): CodeIgniter\Database\BaseBuilder->get()
 6 SYSTEMPATH\BaseModel.php(676): CodeIgniter\Model->doFindAll(0, 0)
 7 APPPATH\Models\ArtModel.php(31): CodeIgniter\BaseModel->findAll()
 8 APPPATH\Controllers\Home.php(28): App\Models\ArtModel->getAllArtWithKat()
 9 SYSTEMPATH\CodeIgniter.php(933): App\Controllers\Home->index()
10 SYSTEMPATH\CodeIgniter.php(509): CodeIgniter\CodeIgniter->runController(Object(App\Controllers\Home))
11 SYSTEMPATH\CodeIgniter.php(355): CodeIgniter\CodeIgniter->handleRequest(null, Object(Config\Cache), false)
12 SYSTEMPATH\Boot.php(325): CodeIgniter\CodeIgniter->run()
13 SYSTEMPATH\Boot.php(67): CodeIgniter\Boot::runCodeIgniter(Object(CodeIgniter\CodeIgniter))
14 FCPATH\index.php(56): CodeIgniter\Boot::bootWeb(Object(Config\Paths))
15 SYSTEMPATH\rewrite.php(44): require_once('F:\\PROJECT\\Proses\\properti2\\public\\index.php')
ERROR - 2025-01-06 08:39:46 --> Error connecting to the database: mysqli_sql_exception: No connection could be made because the target machine actively refused it in F:\PROJECT\Proses\properti2\vendor\codeigniter4\framework\system\Database\MySQLi\Connection.php:187
Stack trace:
#0 F:\PROJECT\Proses\properti2\vendor\codeigniter4\framework\system\Database\MySQLi\Connection.php(187): mysqli->real_connect('localhost', 'root', '', 'properti', 3306, '', 0)
#1 F:\PROJECT\Proses\properti2\vendor\codeigniter4\framework\system\Database\BaseConnection.php(421): CodeIgniter\Database\MySQLi\Connection->connect(false)
#2 F:\PROJECT\Proses\properti2\vendor\codeigniter4\framework\system\Database\BaseConnection.php(616): CodeIgniter\Database\BaseConnection->initialize()
#3 F:\PROJECT\Proses\properti2\vendor\codeigniter4\framework\system\Database\BaseBuilder.php(1644): CodeIgniter\Database\BaseConnection->query('SELECT `data_ar...', Array, false)
#4 F:\PROJECT\Proses\properti2\vendor\codeigniter4\framework\system\Model.php(286): CodeIgniter\Database\BaseBuilder->get()
#5 F:\PROJECT\Proses\properti2\vendor\codeigniter4\framework\system\BaseModel.php(676): CodeIgniter\Model->doFindAll(0, 0)
#6 F:\PROJECT\Proses\properti2\app\Models\ArtModel.php(31): CodeIgniter\BaseModel->findAll()
#7 F:\PROJECT\Proses\properti2\app\Controllers\Home.php(28): App\Models\ArtModel->getAllArtWithKat()
#8 F:\PROJECT\Proses\properti2\vendor\codeigniter4\framework\system\CodeIgniter.php(933): App\Controllers\Home->index()
#9 F:\PROJECT\Proses\properti2\vendor\codeigniter4\framework\system\CodeIgniter.php(509): CodeIgniter\CodeIgniter->runController(Object(App\Controllers\Home))
#10 F:\PROJECT\Proses\properti2\vendor\codeigniter4\framework\system\CodeIgniter.php(355): CodeIgniter\CodeIgniter->handleRequest(NULL, Object(Config\Cache), false)
#11 F:\PROJECT\Proses\properti2\vendor\codeigniter4\framework\system\Boot.php(325): CodeIgniter\CodeIgniter->run()
#12 F:\PROJECT\Proses\properti2\vendor\codeigniter4\framework\system\Boot.php(67): CodeIgniter\Boot::runCodeIgniter(Object(CodeIgniter\CodeIgniter))
#13 F:\PROJECT\Proses\properti2\public\index.php(56): CodeIgniter\Boot::bootWeb(Object(Config\Paths))
#14 F:\PROJECT\Proses\properti2\vendor\codeigniter4\framework\system\rewrite.php(44): require_once('F:\\PROJECT\\Pros...')
#15 {main}

Next CodeIgniter\Database\Exceptions\DatabaseException: No connection could be made because the target machine actively refused it in F:\PROJECT\Proses\properti2\vendor\codeigniter4\framework\system\Database\MySQLi\Connection.php:231
Stack trace:
#0 F:\PROJECT\Proses\properti2\vendor\codeigniter4\framework\system\Database\BaseConnection.php(421): CodeIgniter\Database\MySQLi\Connection->connect(false)
#1 F:\PROJECT\Proses\properti2\vendor\codeigniter4\framework\system\Database\BaseConnection.php(616): CodeIgniter\Database\BaseConnection->initialize()
#2 F:\PROJECT\Proses\properti2\vendor\codeigniter4\framework\system\Database\BaseBuilder.php(1644): CodeIgniter\Database\BaseConnection->query('SELECT `data_ar...', Array, false)
#3 F:\PROJECT\Proses\properti2\vendor\codeigniter4\framework\system\Model.php(286): CodeIgniter\Database\BaseBuilder->get()
#4 F:\PROJECT\Proses\properti2\vendor\codeigniter4\framework\system\BaseModel.php(676): CodeIgniter\Model->doFindAll(0, 0)
#5 F:\PROJECT\Proses\properti2\app\Models\ArtModel.php(31): CodeIgniter\BaseModel->findAll()
#6 F:\PROJECT\Proses\properti2\app\Controllers\Home.php(28): App\Models\ArtModel->getAllArtWithKat()
#7 F:\PROJECT\Proses\properti2\vendor\codeigniter4\framework\system\CodeIgniter.php(933): App\Controllers\Home->index()
#8 F:\PROJECT\Proses\properti2\vendor\codeigniter4\framework\system\CodeIgniter.php(509): CodeIgniter\CodeIgniter->runController(Object(App\Controllers\Home))
#9 F:\PROJECT\Proses\properti2\vendor\codeigniter4\framework\system\CodeIgniter.php(355): CodeIgniter\CodeIgniter->handleRequest(NULL, Object(Config\Cache), false)
#10 F:\PROJECT\Proses\properti2\vendor\codeigniter4\framework\system\Boot.php(325): CodeIgniter\CodeIgniter->run()
#11 F:\PROJECT\Proses\properti2\vendor\codeigniter4\framework\system\Boot.php(67): CodeIgniter\Boot::runCodeIgniter(Object(CodeIgniter\CodeIgniter))
#12 F:\PROJECT\Proses\properti2\public\index.php(56): CodeIgniter\Boot::bootWeb(Object(Config\Paths))
#13 F:\PROJECT\Proses\properti2\vendor\codeigniter4\framework\system\rewrite.php(44): require_once('F:\\PROJECT\\Pros...')
#14 {main}
CRITICAL - 2025-01-06 08:39:46 --> CodeIgniter\Database\Exceptions\DatabaseException: Unable to connect to the database.
Main connection [MySQLi]: No connection could be made because the target machine actively refused it
[Method: GET, Route: /]
in SYSTEMPATH\Database\BaseConnection.php on line 467.
 1 SYSTEMPATH\Database\BaseConnection.php(616): CodeIgniter\Database\BaseConnection->initialize()
 2 SYSTEMPATH\Database\BaseBuilder.php(1644): CodeIgniter\Database\BaseConnection->query('SELECT `data_art`.*, `data_kat`.*, `data_art`.`updated_at` as `art_updated_at`
FROM `data_art`
JOIN `data_kat` ON `data_kat`.`kat_id` = `data_art`.`kat_id`
ORDER BY `art_updated_at` DESC', [], false)
 3 SYSTEMPATH\Model.php(286): CodeIgniter\Database\BaseBuilder->get()
 4 SYSTEMPATH\BaseModel.php(676): CodeIgniter\Model->doFindAll(0, 0)
 5 APPPATH\Models\ArtModel.php(31): CodeIgniter\BaseModel->findAll()
 6 APPPATH\Controllers\Home.php(28): App\Models\ArtModel->getAllArtWithKat()
 7 SYSTEMPATH\CodeIgniter.php(933): App\Controllers\Home->index()
 8 SYSTEMPATH\CodeIgniter.php(509): CodeIgniter\CodeIgniter->runController(Object(App\Controllers\Home))
 9 SYSTEMPATH\CodeIgniter.php(355): CodeIgniter\CodeIgniter->handleRequest(null, Object(Config\Cache), false)
10 SYSTEMPATH\Boot.php(325): CodeIgniter\CodeIgniter->run()
11 SYSTEMPATH\Boot.php(67): CodeIgniter\Boot::runCodeIgniter(Object(CodeIgniter\CodeIgniter))
12 FCPATH\index.php(56): CodeIgniter\Boot::bootWeb(Object(Config\Paths))
13 SYSTEMPATH\rewrite.php(44): require_once('F:\\PROJECT\\Proses\\properti2\\public\\index.php')
CRITICAL - 2025-01-06 03:00:41 --> Error: Class "Locale" not found
[Method: GET, Route: /]
in SYSTEMPATH\CodeIgniter.php on line 190.
 1 SYSTEMPATH\Boot.php(312): CodeIgniter\CodeIgniter->initialize()
 2 SYSTEMPATH\Boot.php(101): CodeIgniter\Boot::initializeCodeIgniter()
 3 ROOTPATH\spark(84): CodeIgniter\Boot::bootSpark(Object(Config\Paths))
CRITICAL - 2025-01-06 03:00:41 --> ErrorException: Uncaught Error: Class "Locale" not found in F:\PROJECT\Proses\properti\vendor\codeigniter4\framework\system\I18n\TimeTrait.php:76
Stack trace:
#0 F:\PROJECT\Proses\properti\vendor\codeigniter4\framework\system\I18n\TimeTrait.php(117): CodeIgniter\I18n\Time->__construct(NULL, NULL, NULL)
#1 F:\PROJECT\Proses\properti\vendor\codeigniter4\framework\system\HTTP\ResponseTrait.php(395): CodeIgniter\I18n\Time::now()
#2 F:\PROJECT\Proses\properti\vendor\codeigniter4\framework\system\HTTP\ResponseTrait.php(373): CodeIgniter\HTTP\Response->sendHeaders()
#3 F:\PROJECT\Proses\properti\vendor\codeigniter4\framework\system\Debug\ExceptionHandler.php(83): CodeIgniter\HTTP\Response->send()
#4 F:\PROJECT\Proses\properti\vendor\codeigniter4\framework\system\Debug\Exceptions.php(163): CodeIgniter\Debug\ExceptionHandler->handle(Object(Error), Object(CodeIgniter\HTTP\IncomingRequest), Object(CodeIgniter\HTTP\Response), 500, 1)
#5 [internal function]: CodeIgniter\Debug\Exceptions->exceptionHandler(Object(Error))
#6 {main}
  thrown
【Previous Exception】
Error
Class "Locale" not found
#0 F:\PROJECT\Proses\properti\vendor\codeigniter4\framework\system\Boot.php(312): CodeIgniter\CodeIgniter->initialize()
#1 F:\PROJECT\Proses\properti\vendor\codeigniter4\framework\system\Boot.php(101): CodeIgniter\Boot::initializeCodeIgniter()
#2 F:\PROJECT\Proses\properti\spark(84): CodeIgniter\Boot::bootSpark(Object(Config\Paths))
#3 {main}
[Method: GET, Route: /]
in SYSTEMPATH\I18n\TimeTrait.php on line 76.
 1 [internal function]: CodeIgniter\Debug\Exceptions->shutdownHandler()
CRITICAL - 2025-01-06 03:01:44 --> Error: Class "Locale" not found
[Method: GET, Route: /]
in SYSTEMPATH\CodeIgniter.php on line 190.
 1 SYSTEMPATH\Boot.php(312): CodeIgniter\CodeIgniter->initialize()
 2 SYSTEMPATH\Boot.php(101): CodeIgniter\Boot::initializeCodeIgniter()
 3 ROOTPATH\spark(84): CodeIgniter\Boot::bootSpark(Object(Config\Paths))
CRITICAL - 2025-01-06 03:01:44 --> ErrorException: Uncaught Error: Class "Locale" not found in F:\PROJECT\Proses\properti\vendor\codeigniter4\framework\system\I18n\TimeTrait.php:76
Stack trace:
#0 F:\PROJECT\Proses\properti\vendor\codeigniter4\framework\system\I18n\TimeTrait.php(117): CodeIgniter\I18n\Time->__construct(NULL, NULL, NULL)
#1 F:\PROJECT\Proses\properti\vendor\codeigniter4\framework\system\HTTP\ResponseTrait.php(395): CodeIgniter\I18n\Time::now()
#2 F:\PROJECT\Proses\properti\vendor\codeigniter4\framework\system\HTTP\ResponseTrait.php(373): CodeIgniter\HTTP\Response->sendHeaders()
#3 F:\PROJECT\Proses\properti\vendor\codeigniter4\framework\system\Debug\ExceptionHandler.php(83): CodeIgniter\HTTP\Response->send()
#4 F:\PROJECT\Proses\properti\vendor\codeigniter4\framework\system\Debug\Exceptions.php(163): CodeIgniter\Debug\ExceptionHandler->handle(Object(Error), Object(CodeIgniter\HTTP\IncomingRequest), Object(CodeIgniter\HTTP\Response), 500, 1)
#5 [internal function]: CodeIgniter\Debug\Exceptions->exceptionHandler(Object(Error))
#6 {main}
  thrown
【Previous Exception】
Error
Class "Locale" not found
#0 F:\PROJECT\Proses\properti\vendor\codeigniter4\framework\system\Boot.php(312): CodeIgniter\CodeIgniter->initialize()
#1 F:\PROJECT\Proses\properti\vendor\codeigniter4\framework\system\Boot.php(101): CodeIgniter\Boot::initializeCodeIgniter()
#2 F:\PROJECT\Proses\properti\spark(84): CodeIgniter\Boot::bootSpark(Object(Config\Paths))
#3 {main}
[Method: GET, Route: /]
in SYSTEMPATH\I18n\TimeTrait.php on line 76.
 1 [internal function]: CodeIgniter\Debug\Exceptions->shutdownHandler()
CRITICAL - 2025-01-06 03:02:45 --> Error: Class "Locale" not found
[Method: GET, Route: /]
in SYSTEMPATH\CodeIgniter.php on line 190.
 1 SYSTEMPATH\Boot.php(312): CodeIgniter\CodeIgniter->initialize()
 2 SYSTEMPATH\Boot.php(101): CodeIgniter\Boot::initializeCodeIgniter()
 3 ROOTPATH\spark(84): CodeIgniter\Boot::bootSpark(Object(Config\Paths))
CRITICAL - 2025-01-06 03:02:46 --> ErrorException: Uncaught Error: Class "Locale" not found in F:\PROJECT\Proses\properti2\vendor\codeigniter4\framework\system\I18n\TimeTrait.php:76
Stack trace:
#0 F:\PROJECT\Proses\properti2\vendor\codeigniter4\framework\system\I18n\TimeTrait.php(117): CodeIgniter\I18n\Time->__construct(NULL, NULL, NULL)
#1 F:\PROJECT\Proses\properti2\vendor\codeigniter4\framework\system\HTTP\ResponseTrait.php(395): CodeIgniter\I18n\Time::now()
#2 F:\PROJECT\Proses\properti2\vendor\codeigniter4\framework\system\HTTP\ResponseTrait.php(373): CodeIgniter\HTTP\Response->sendHeaders()
#3 F:\PROJECT\Proses\properti2\vendor\codeigniter4\framework\system\Debug\ExceptionHandler.php(83): CodeIgniter\HTTP\Response->send()
#4 F:\PROJECT\Proses\properti2\vendor\codeigniter4\framework\system\Debug\Exceptions.php(163): CodeIgniter\Debug\ExceptionHandler->handle(Object(Error), Object(CodeIgniter\HTTP\IncomingRequest), Object(CodeIgniter\HTTP\Response), 500, 1)
#5 [internal function]: CodeIgniter\Debug\Exceptions->exceptionHandler(Object(Error))
#6 {main}
  thrown
【Previous Exception】
Error
Class "Locale" not found
#0 F:\PROJECT\Proses\properti2\vendor\codeigniter4\framework\system\Boot.php(312): CodeIgniter\CodeIgniter->initialize()
#1 F:\PROJECT\Proses\properti2\vendor\codeigniter4\framework\system\Boot.php(101): CodeIgniter\Boot::initializeCodeIgniter()
#2 F:\PROJECT\Proses\properti2\spark(84): CodeIgniter\Boot::bootSpark(Object(Config\Paths))
#3 {main}
[Method: GET, Route: /]
in SYSTEMPATH\I18n\TimeTrait.php on line 76.
 1 [internal function]: CodeIgniter\Debug\Exceptions->shutdownHandler()
CRITICAL - 2025-01-06 03:03:36 --> Error: Class "Locale" not found
[Method: GET, Route: /]
in SYSTEMPATH\CodeIgniter.php on line 190.
 1 SYSTEMPATH\Boot.php(312): CodeIgniter\CodeIgniter->initialize()
 2 SYSTEMPATH\Boot.php(101): CodeIgniter\Boot::initializeCodeIgniter()
 3 ROOTPATH\spark(84): CodeIgniter\Boot::bootSpark(Object(Config\Paths))
CRITICAL - 2025-01-06 03:03:36 --> ErrorException: Uncaught Error: Class "Locale" not found in F:\PROJECT\Proses\properti\vendor\codeigniter4\framework\system\I18n\TimeTrait.php:76
Stack trace:
#0 F:\PROJECT\Proses\properti\vendor\codeigniter4\framework\system\I18n\TimeTrait.php(117): CodeIgniter\I18n\Time->__construct(NULL, NULL, NULL)
#1 F:\PROJECT\Proses\properti\vendor\codeigniter4\framework\system\HTTP\ResponseTrait.php(395): CodeIgniter\I18n\Time::now()
#2 F:\PROJECT\Proses\properti\vendor\codeigniter4\framework\system\HTTP\ResponseTrait.php(373): CodeIgniter\HTTP\Response->sendHeaders()
#3 F:\PROJECT\Proses\properti\vendor\codeigniter4\framework\system\Debug\ExceptionHandler.php(83): CodeIgniter\HTTP\Response->send()
#4 F:\PROJECT\Proses\properti\vendor\codeigniter4\framework\system\Debug\Exceptions.php(163): CodeIgniter\Debug\ExceptionHandler->handle(Object(Error), Object(CodeIgniter\HTTP\IncomingRequest), Object(CodeIgniter\HTTP\Response), 500, 1)
#5 [internal function]: CodeIgniter\Debug\Exceptions->exceptionHandler(Object(Error))
#6 {main}
  thrown
【Previous Exception】
Error
Class "Locale" not found
#0 F:\PROJECT\Proses\properti\vendor\codeigniter4\framework\system\Boot.php(312): CodeIgniter\CodeIgniter->initialize()
#1 F:\PROJECT\Proses\properti\vendor\codeigniter4\framework\system\Boot.php(101): CodeIgniter\Boot::initializeCodeIgniter()
#2 F:\PROJECT\Proses\properti\spark(84): CodeIgniter\Boot::bootSpark(Object(Config\Paths))
#3 {main}
[Method: GET, Route: /]
in SYSTEMPATH\I18n\TimeTrait.php on line 76.
 1 [internal function]: CodeIgniter\Debug\Exceptions->shutdownHandler()
ERROR - 2025-01-06 09:06:15 --> Error connecting to the database: mysqli_sql_exception: Unknown database 'properti' in F:\PROJECT\Proses\properti\vendor\codeigniter4\framework\system\Database\MySQLi\Connection.php:186
Stack trace:
#0 F:\PROJECT\Proses\properti\vendor\codeigniter4\framework\system\Database\MySQLi\Connection.php(186): mysqli->real_connect('localhost', 'root', Object(SensitiveParameterValue), 'properti', 3306, '', 0)
#1 F:\PROJECT\Proses\properti\vendor\codeigniter4\framework\system\Database\BaseConnection.php(421): CodeIgniter\Database\MySQLi\Connection->connect(false)
#2 F:\PROJECT\Proses\properti\vendor\codeigniter4\framework\system\Database\BaseConnection.php(616): CodeIgniter\Database\BaseConnection->initialize()
#3 F:\PROJECT\Proses\properti\vendor\codeigniter4\framework\system\Database\BaseBuilder.php(1644): CodeIgniter\Database\BaseConnection->query('SELECT `data_ar...', Array, false)
#4 F:\PROJECT\Proses\properti\vendor\codeigniter4\framework\system\Model.php(286): CodeIgniter\Database\BaseBuilder->get()
#5 F:\PROJECT\Proses\properti\vendor\codeigniter4\framework\system\BaseModel.php(676): CodeIgniter\Model->doFindAll(0, 0)
#6 F:\PROJECT\Proses\properti\app\Models\ArtModel.php(31): CodeIgniter\BaseModel->findAll()
#7 F:\PROJECT\Proses\properti\app\Controllers\Home.php(28): App\Models\ArtModel->getAllArtWithKat()
#8 F:\PROJECT\Proses\properti\vendor\codeigniter4\framework\system\CodeIgniter.php(933): App\Controllers\Home->index()
#9 F:\PROJECT\Proses\properti\vendor\codeigniter4\framework\system\CodeIgniter.php(509): CodeIgniter\CodeIgniter->runController(Object(App\Controllers\Home))
#10 F:\PROJECT\Proses\properti\vendor\codeigniter4\framework\system\CodeIgniter.php(355): CodeIgniter\CodeIgniter->handleRequest(NULL, Object(Config\Cache), false)
#11 F:\PROJECT\Proses\properti\vendor\codeigniter4\framework\system\Boot.php(325): CodeIgniter\CodeIgniter->run()
#12 F:\PROJECT\Proses\properti\vendor\codeigniter4\framework\system\Boot.php(67): CodeIgniter\Boot::runCodeIgniter(Object(CodeIgniter\CodeIgniter))
#13 F:\PROJECT\Proses\properti\public\index.php(56): CodeIgniter\Boot::bootWeb(Object(Config\Paths))
#14 F:\PROJECT\Proses\properti\vendor\codeigniter4\framework\system\rewrite.php(44): require_once('F:\\PROJECT\\Pros...')
#15 {main}

Next CodeIgniter\Database\Exceptions\DatabaseException: Unknown database 'properti' in F:\PROJECT\Proses\properti\vendor\codeigniter4\framework\system\Database\MySQLi\Connection.php:231
Stack trace:
#0 F:\PROJECT\Proses\properti\vendor\codeigniter4\framework\system\Database\BaseConnection.php(421): CodeIgniter\Database\MySQLi\Connection->connect(false)
#1 F:\PROJECT\Proses\properti\vendor\codeigniter4\framework\system\Database\BaseConnection.php(616): CodeIgniter\Database\BaseConnection->initialize()
#2 F:\PROJECT\Proses\properti\vendor\codeigniter4\framework\system\Database\BaseBuilder.php(1644): CodeIgniter\Database\BaseConnection->query('SELECT `data_ar...', Array, false)
#3 F:\PROJECT\Proses\properti\vendor\codeigniter4\framework\system\Model.php(286): CodeIgniter\Database\BaseBuilder->get()
#4 F:\PROJECT\Proses\properti\vendor\codeigniter4\framework\system\BaseModel.php(676): CodeIgniter\Model->doFindAll(0, 0)
#5 F:\PROJECT\Proses\properti\app\Models\ArtModel.php(31): CodeIgniter\BaseModel->findAll()
#6 F:\PROJECT\Proses\properti\app\Controllers\Home.php(28): App\Models\ArtModel->getAllArtWithKat()
#7 F:\PROJECT\Proses\properti\vendor\codeigniter4\framework\system\CodeIgniter.php(933): App\Controllers\Home->index()
#8 F:\PROJECT\Proses\properti\vendor\codeigniter4\framework\system\CodeIgniter.php(509): CodeIgniter\CodeIgniter->runController(Object(App\Controllers\Home))
#9 F:\PROJECT\Proses\properti\vendor\codeigniter4\framework\system\CodeIgniter.php(355): CodeIgniter\CodeIgniter->handleRequest(NULL, Object(Config\Cache), false)
#10 F:\PROJECT\Proses\properti\vendor\codeigniter4\framework\system\Boot.php(325): CodeIgniter\CodeIgniter->run()
#11 F:\PROJECT\Proses\properti\vendor\codeigniter4\framework\system\Boot.php(67): CodeIgniter\Boot::runCodeIgniter(Object(CodeIgniter\CodeIgniter))
#12 F:\PROJECT\Proses\properti\public\index.php(56): CodeIgniter\Boot::bootWeb(Object(Config\Paths))
#13 F:\PROJECT\Proses\properti\vendor\codeigniter4\framework\system\rewrite.php(44): require_once('F:\\PROJECT\\Pros...')
#14 {main}
CRITICAL - 2025-01-06 09:06:15 --> CodeIgniter\Database\Exceptions\DatabaseException: Unable to connect to the database.
Main connection [MySQLi]: Unknown database 'properti'
[Method: GET, Route: /]
in SYSTEMPATH\Database\BaseConnection.php on line 467.
 1 SYSTEMPATH\Database\BaseConnection.php(616): CodeIgniter\Database\BaseConnection->initialize()
 2 SYSTEMPATH\Database\BaseBuilder.php(1644): CodeIgniter\Database\BaseConnection->query('SELECT `data_art`.*, `data_kat`.*, `data_art`.`updated_at` as `art_updated_at`
FROM `data_art`
JOIN `data_kat` ON `data_kat`.`kat_id` = `data_art`.`kat_id`
ORDER BY `art_updated_at` DESC', [], false)
 3 SYSTEMPATH\Model.php(286): CodeIgniter\Database\BaseBuilder->get()
 4 SYSTEMPATH\BaseModel.php(676): CodeIgniter\Model->doFindAll(0, 0)
 5 APPPATH\Models\ArtModel.php(31): CodeIgniter\BaseModel->findAll()
 6 APPPATH\Controllers\Home.php(28): App\Models\ArtModel->getAllArtWithKat()
 7 SYSTEMPATH\CodeIgniter.php(933): App\Controllers\Home->index()
 8 SYSTEMPATH\CodeIgniter.php(509): CodeIgniter\CodeIgniter->runController(Object(App\Controllers\Home))
 9 SYSTEMPATH\CodeIgniter.php(355): CodeIgniter\CodeIgniter->handleRequest(null, Object(Config\Cache), false)
10 SYSTEMPATH\Boot.php(325): CodeIgniter\CodeIgniter->run()
11 SYSTEMPATH\Boot.php(67): CodeIgniter\Boot::runCodeIgniter(Object(CodeIgniter\CodeIgniter))
12 FCPATH\index.php(56): CodeIgniter\Boot::bootWeb(Object(Config\Paths))
13 SYSTEMPATH\rewrite.php(44): require_once('F:\\PROJECT\\Proses\\properti\\public\\index.php')
INFO - 2025-01-06 09:08:37 --> Session: Class initialized using 'CodeIgniter\Session\Handlers\FileHandler' driver.
INFO - 2025-01-06 09:10:13 --> Session: Class initialized using 'CodeIgniter\Session\Handlers\FileHandler' driver.
INFO - 2025-01-06 09:12:32 --> Session: Class initialized using 'CodeIgniter\Session\Handlers\FileHandler' driver.
WARNING - 2025-01-06 09:12:46 --> [DEPRECATED] trim(): Passing null to parameter #1 ($string) of type string is deprecated in APPPATH\Controllers\Properti.php on line 32.
 1 APPPATH\Controllers\Properti.php(32): trim(null)
 2 SYSTEMPATH\CodeIgniter.php(933): App\Controllers\Properti->index()
 3 SYSTEMPATH\CodeIgniter.php(509): CodeIgniter\CodeIgniter->runController(Object(App\Controllers\Properti))
 4 SYSTEMPATH\CodeIgniter.php(355): CodeIgniter\CodeIgniter->handleRequest(null, Object(Config\Cache), false)
 5 SYSTEMPATH\Boot.php(325): CodeIgniter\CodeIgniter->run()
 6 SYSTEMPATH\Boot.php(67): CodeIgniter\Boot::runCodeIgniter(Object(CodeIgniter\CodeIgniter))
 7 FCPATH\index.php(56): CodeIgniter\Boot::bootWeb(Object(Config\Paths))
 8 SYSTEMPATH\rewrite.php(44): require_once('F:\\PROJECT\\Proses\\properti\\public\\index.php')
INFO - 2025-01-06 09:12:46 --> Session: Class initialized using 'CodeIgniter\Session\Handlers\FileHandler' driver.
WARNING - 2025-01-06 11:03:39 --> [DEPRECATED] trim(): Passing null to parameter #1 ($string) of type string is deprecated in APPPATH\Controllers\Properti.php on line 32.
 1 APPPATH\Controllers\Properti.php(32): trim(null)
 2 SYSTEMPATH\CodeIgniter.php(933): App\Controllers\Properti->index()
 3 SYSTEMPATH\CodeIgniter.php(509): CodeIgniter\CodeIgniter->runController(Object(App\Controllers\Properti))
 4 SYSTEMPATH\CodeIgniter.php(355): CodeIgniter\CodeIgniter->handleRequest(null, Object(Config\Cache), false)
 5 SYSTEMPATH\Boot.php(325): CodeIgniter\CodeIgniter->run()
 6 SYSTEMPATH\Boot.php(67): CodeIgniter\Boot::runCodeIgniter(Object(CodeIgniter\CodeIgniter))
 7 FCPATH\index.php(56): CodeIgniter\Boot::bootWeb(Object(Config\Paths))
 8 SYSTEMPATH\rewrite.php(44): require_once('F:\\PROJECT\\Proses\\properti\\public\\index.php')
INFO - 2025-01-06 11:03:39 --> Session: Class initialized using 'CodeIgniter\Session\Handlers\FileHandler' driver.
WARNING - 2025-01-06 11:04:06 --> [DEPRECATED] trim(): Passing null to parameter #1 ($string) of type string is deprecated in APPPATH\Controllers\Properti.php on line 32.
 1 APPPATH\Controllers\Properti.php(32): trim(null)
 2 SYSTEMPATH\CodeIgniter.php(933): App\Controllers\Properti->index()
 3 SYSTEMPATH\CodeIgniter.php(509): CodeIgniter\CodeIgniter->runController(Object(App\Controllers\Properti))
 4 SYSTEMPATH\CodeIgniter.php(355): CodeIgniter\CodeIgniter->handleRequest(null, Object(Config\Cache), false)
 5 SYSTEMPATH\Boot.php(325): CodeIgniter\CodeIgniter->run()
 6 SYSTEMPATH\Boot.php(67): CodeIgniter\Boot::runCodeIgniter(Object(CodeIgniter\CodeIgniter))
 7 FCPATH\index.php(56): CodeIgniter\Boot::bootWeb(Object(Config\Paths))
 8 SYSTEMPATH\rewrite.php(44): require_once('F:\\PROJECT\\Proses\\properti\\public\\index.php')
INFO - 2025-01-06 11:04:06 --> Session: Class initialized using 'CodeIgniter\Session\Handlers\FileHandler' driver.
ERROR - 2025-01-06 11:04:12 --> mysqli_sql_exception: Table 'properti.data_toko' doesn't exist in F:\PROJECT\Proses\properti\vendor\codeigniter4\framework\system\Database\MySQLi\Connection.php:312
Stack trace:
#0 F:\PROJECT\Proses\properti\vendor\codeigniter4\framework\system\Database\MySQLi\Connection.php(312): mysqli->query('SELECT COUNT(*)...', 0)
#1 F:\PROJECT\Proses\properti\vendor\codeigniter4\framework\system\Database\BaseConnection.php(734): CodeIgniter\Database\MySQLi\Connection->execute('SELECT COUNT(*)...')
#2 F:\PROJECT\Proses\properti\vendor\codeigniter4\framework\system\Database\BaseConnection.php(648): CodeIgniter\Database\BaseConnection->simpleQuery('SELECT COUNT(*)...')
#3 F:\PROJECT\Proses\properti\vendor\codeigniter4\framework\system\Database\BaseBuilder.php(1728): CodeIgniter\Database\BaseConnection->query('SELECT COUNT(*)...', Array, false)
#4 F:\PROJECT\Proses\properti\vendor\codeigniter4\framework\system\Model.php(678): CodeIgniter\Database\BaseBuilder->countAllResults(false)
#5 F:\PROJECT\Proses\properti\vendor\codeigniter4\framework\system\BaseModel.php(1284): CodeIgniter\Model->countAllResults(false)
#6 F:\PROJECT\Proses\properti\app\Models\TokoModel.php(74): CodeIgniter\BaseModel->paginate(12, 'data_toko')
#7 F:\PROJECT\Proses\properti\app\Controllers\Toko.php(33): App\Models\TokoModel->getAllToko(12, 'terbaru', 'semua', NULL, NULL, NULL)
#8 F:\PROJECT\Proses\properti\vendor\codeigniter4\framework\system\CodeIgniter.php(933): App\Controllers\Toko->index()
#9 F:\PROJECT\Proses\properti\vendor\codeigniter4\framework\system\CodeIgniter.php(509): CodeIgniter\CodeIgniter->runController(Object(App\Controllers\Toko))
#10 F:\PROJECT\Proses\properti\vendor\codeigniter4\framework\system\CodeIgniter.php(355): CodeIgniter\CodeIgniter->handleRequest(NULL, Object(Config\Cache), false)
#11 F:\PROJECT\Proses\properti\vendor\codeigniter4\framework\system\Boot.php(325): CodeIgniter\CodeIgniter->run()
#12 F:\PROJECT\Proses\properti\vendor\codeigniter4\framework\system\Boot.php(67): CodeIgniter\Boot::runCodeIgniter(Object(CodeIgniter\CodeIgniter))
#13 F:\PROJECT\Proses\properti\public\index.php(56): CodeIgniter\Boot::bootWeb(Object(Config\Paths))
#14 F:\PROJECT\Proses\properti\vendor\codeigniter4\framework\system\rewrite.php(44): require_once('F:\\PROJECT\\Pros...')
#15 {main}
CRITICAL - 2025-01-06 11:04:12 --> CodeIgniter\Database\Exceptions\DatabaseException: Table 'properti.data_toko' doesn't exist
[Method: GET, Route: toko]
in SYSTEMPATH\Database\BaseConnection.php on line 688.
 1 SYSTEMPATH\Database\BaseBuilder.php(1728): CodeIgniter\Database\BaseConnection->query('SELECT COUNT(*) AS `numrows`
FROM `data_toko`
JOIN `data_kat` ON `data_kat`.`kat_id` = `data_toko`.`kat_id`', [], false)
 2 SYSTEMPATH\Model.php(678): CodeIgniter\Database\BaseBuilder->countAllResults(false)
 3 SYSTEMPATH\BaseModel.php(1284): CodeIgniter\Model->countAllResults(false)
 4 APPPATH\Models\TokoModel.php(74): CodeIgniter\BaseModel->paginate(12, 'data_toko')
 5 APPPATH\Controllers\Toko.php(33): App\Models\TokoModel->getAllToko(12, 'terbaru', 'semua', null, null, null)
 6 SYSTEMPATH\CodeIgniter.php(933): App\Controllers\Toko->index()
 7 SYSTEMPATH\CodeIgniter.php(509): CodeIgniter\CodeIgniter->runController(Object(App\Controllers\Toko))
 8 SYSTEMPATH\CodeIgniter.php(355): CodeIgniter\CodeIgniter->handleRequest(null, Object(Config\Cache), false)
 9 SYSTEMPATH\Boot.php(325): CodeIgniter\CodeIgniter->run()
10 SYSTEMPATH\Boot.php(67): CodeIgniter\Boot::runCodeIgniter(Object(CodeIgniter\CodeIgniter))
11 FCPATH\index.php(56): CodeIgniter\Boot::bootWeb(Object(Config\Paths))
12 SYSTEMPATH\rewrite.php(44): require_once('F:\\PROJECT\\Proses\\properti\\public\\index.php')
CRITICAL - 2025-01-06 11:04:12 --> [Caused by] CodeIgniter\Database\Exceptions\DatabaseException: Table 'properti.data_toko' doesn't exist
in SYSTEMPATH\Database\MySQLi\Connection.php on line 317.
 1 SYSTEMPATH\Database\BaseConnection.php(734): CodeIgniter\Database\MySQLi\Connection->execute('SELECT COUNT(*) AS `numrows`
FROM `data_toko`
JOIN `data_kat` ON `data_kat`.`kat_id` = `data_toko`.`kat_id`')
 2 SYSTEMPATH\Database\BaseConnection.php(648): CodeIgniter\Database\BaseConnection->simpleQuery('SELECT COUNT(*) AS `numrows`
FROM `data_toko`
JOIN `data_kat` ON `data_kat`.`kat_id` = `data_toko`.`kat_id`')
 3 SYSTEMPATH\Database\BaseBuilder.php(1728): CodeIgniter\Database\BaseConnection->query('SELECT COUNT(*) AS `numrows`
FROM `data_toko`
JOIN `data_kat` ON `data_kat`.`kat_id` = `data_toko`.`kat_id`', [], false)
 4 SYSTEMPATH\Model.php(678): CodeIgniter\Database\BaseBuilder->countAllResults(false)
 5 SYSTEMPATH\BaseModel.php(1284): CodeIgniter\Model->countAllResults(false)
 6 APPPATH\Models\TokoModel.php(74): CodeIgniter\BaseModel->paginate(12, 'data_toko')
 7 APPPATH\Controllers\Toko.php(33): App\Models\TokoModel->getAllToko(12, 'terbaru', 'semua', null, null, null)
 8 SYSTEMPATH\CodeIgniter.php(933): App\Controllers\Toko->index()
 9 SYSTEMPATH\CodeIgniter.php(509): CodeIgniter\CodeIgniter->runController(Object(App\Controllers\Toko))
10 SYSTEMPATH\CodeIgniter.php(355): CodeIgniter\CodeIgniter->handleRequest(null, Object(Config\Cache), false)
11 SYSTEMPATH\Boot.php(325): CodeIgniter\CodeIgniter->run()
12 SYSTEMPATH\Boot.php(67): CodeIgniter\Boot::runCodeIgniter(Object(CodeIgniter\CodeIgniter))
13 FCPATH\index.php(56): CodeIgniter\Boot::bootWeb(Object(Config\Paths))
14 SYSTEMPATH\rewrite.php(44): require_once('F:\\PROJECT\\Proses\\properti\\public\\index.php')
CRITICAL - 2025-01-06 11:04:12 --> [Caused by] mysqli_sql_exception: Table 'properti.data_toko' doesn't exist
in SYSTEMPATH\Database\MySQLi\Connection.php on line 312.
 1 SYSTEMPATH\Database\MySQLi\Connection.php(312): mysqli->query('SELECT COUNT(*) AS `numrows`
FROM `data_toko`
JOIN `data_kat` ON `data_kat`.`kat_id` = `data_toko`.`kat_id`', 0)
 2 SYSTEMPATH\Database\BaseConnection.php(734): CodeIgniter\Database\MySQLi\Connection->execute('SELECT COUNT(*) AS `numrows`
FROM `data_toko`
JOIN `data_kat` ON `data_kat`.`kat_id` = `data_toko`.`kat_id`')
 3 SYSTEMPATH\Database\BaseConnection.php(648): CodeIgniter\Database\BaseConnection->simpleQuery('SELECT COUNT(*) AS `numrows`
FROM `data_toko`
JOIN `data_kat` ON `data_kat`.`kat_id` = `data_toko`.`kat_id`')
 4 SYSTEMPATH\Database\BaseBuilder.php(1728): CodeIgniter\Database\BaseConnection->query('SELECT COUNT(*) AS `numrows`
FROM `data_toko`
JOIN `data_kat` ON `data_kat`.`kat_id` = `data_toko`.`kat_id`', [], false)
 5 SYSTEMPATH\Model.php(678): CodeIgniter\Database\BaseBuilder->countAllResults(false)
 6 SYSTEMPATH\BaseModel.php(1284): CodeIgniter\Model->countAllResults(false)
 7 APPPATH\Models\TokoModel.php(74): CodeIgniter\BaseModel->paginate(12, 'data_toko')
 8 APPPATH\Controllers\Toko.php(33): App\Models\TokoModel->getAllToko(12, 'terbaru', 'semua', null, null, null)
 9 SYSTEMPATH\CodeIgniter.php(933): App\Controllers\Toko->index()
10 SYSTEMPATH\CodeIgniter.php(509): CodeIgniter\CodeIgniter->runController(Object(App\Controllers\Toko))
11 SYSTEMPATH\CodeIgniter.php(355): CodeIgniter\CodeIgniter->handleRequest(null, Object(Config\Cache), false)
12 SYSTEMPATH\Boot.php(325): CodeIgniter\CodeIgniter->run()
13 SYSTEMPATH\Boot.php(67): CodeIgniter\Boot::runCodeIgniter(Object(CodeIgniter\CodeIgniter))
14 FCPATH\index.php(56): CodeIgniter\Boot::bootWeb(Object(Config\Paths))
15 SYSTEMPATH\rewrite.php(44): require_once('F:\\PROJECT\\Proses\\properti\\public\\index.php')
CRITICAL - 2025-01-06 11:08:38 --> ErrorException: include(F:\PROJECT\Proses\properti\vendor\composer/../../app/Models/ArtModel.php): Failed to open stream: No such file or directory
[Method: GET, Route: /]
in VENDORPATH\composer\ClassLoader.php on line 576.
 1 VENDORPATH\composer\ClassLoader.php(576): CodeIgniter\Debug\Exceptions->errorHandler(2, 'include(F:\\PROJECT\\Proses\\properti\\vendor\\composer/../../app/Models/ArtModel.php): Failed to open stream: No such file or directory', 'F:\\PROJECT\\Proses\\properti\\vendor\\composer\\ClassLoader.php', 576)
 2 VENDORPATH\composer\ClassLoader.php(576): include()
 3 VENDORPATH\composer\ClassLoader.php(427): Composer\Autoload\{closure}('F:\\PROJECT\\Proses\\properti\\vendor\\composer/../../app/Models/ArtModel.php')
 4 APPPATH\Controllers\Home.php(22): Composer\Autoload\ClassLoader->loadClass('App\\Models\\ArtModel')
 5 SYSTEMPATH\CodeIgniter.php(903): App\Controllers\Home->__construct()
 6 SYSTEMPATH\CodeIgniter.php(500): CodeIgniter\CodeIgniter->createController()
 7 SYSTEMPATH\CodeIgniter.php(355): CodeIgniter\CodeIgniter->handleRequest(null, Object(Config\Cache), false)
 8 SYSTEMPATH\Boot.php(325): CodeIgniter\CodeIgniter->run()
 9 SYSTEMPATH\Boot.php(67): CodeIgniter\Boot::runCodeIgniter(Object(CodeIgniter\CodeIgniter))
10 FCPATH\index.php(56): CodeIgniter\Boot::bootWeb(Object(Config\Paths))
11 SYSTEMPATH\rewrite.php(44): require_once('F:\\PROJECT\\Proses\\properti\\public\\index.php')
WARNING - 2025-01-06 11:08:51 --> [DEPRECATED] trim(): Passing null to parameter #1 ($string) of type string is deprecated in APPPATH\Controllers\Properti.php on line 32.
 1 APPPATH\Controllers\Properti.php(32): trim(null)
 2 SYSTEMPATH\CodeIgniter.php(933): App\Controllers\Properti->index()
 3 SYSTEMPATH\CodeIgniter.php(509): CodeIgniter\CodeIgniter->runController(Object(App\Controllers\Properti))
 4 SYSTEMPATH\CodeIgniter.php(355): CodeIgniter\CodeIgniter->handleRequest(null, Object(Config\Cache), false)
 5 SYSTEMPATH\Boot.php(325): CodeIgniter\CodeIgniter->run()
 6 SYSTEMPATH\Boot.php(67): CodeIgniter\Boot::runCodeIgniter(Object(CodeIgniter\CodeIgniter))
 7 FCPATH\index.php(56): CodeIgniter\Boot::bootWeb(Object(Config\Paths))
 8 SYSTEMPATH\rewrite.php(44): require_once('F:\\PROJECT\\Proses\\properti\\public\\index.php')
INFO - 2025-01-06 11:08:52 --> Session: Class initialized using 'CodeIgniter\Session\Handlers\FileHandler' driver.
CRITICAL - 2025-01-06 11:08:56 --> ErrorException: include(F:\PROJECT\Proses\properti\vendor\composer/../../app/Models/ArtModel.php): Failed to open stream: No such file or directory
[Method: GET, Route: /]
in VENDORPATH\composer\ClassLoader.php on line 576.
 1 VENDORPATH\composer\ClassLoader.php(576): CodeIgniter\Debug\Exceptions->errorHandler(2, 'include(F:\\PROJECT\\Proses\\properti\\vendor\\composer/../../app/Models/ArtModel.php): Failed to open stream: No such file or directory', 'F:\\PROJECT\\Proses\\properti\\vendor\\composer\\ClassLoader.php', 576)
 2 VENDORPATH\composer\ClassLoader.php(576): include()
 3 VENDORPATH\composer\ClassLoader.php(427): Composer\Autoload\{closure}('F:\\PROJECT\\Proses\\properti\\vendor\\composer/../../app/Models/ArtModel.php')
 4 APPPATH\Controllers\Home.php(22): Composer\Autoload\ClassLoader->loadClass('App\\Models\\ArtModel')
 5 SYSTEMPATH\CodeIgniter.php(903): App\Controllers\Home->__construct()
 6 SYSTEMPATH\CodeIgniter.php(500): CodeIgniter\CodeIgniter->createController()
 7 SYSTEMPATH\CodeIgniter.php(355): CodeIgniter\CodeIgniter->handleRequest(null, Object(Config\Cache), false)
 8 SYSTEMPATH\Boot.php(325): CodeIgniter\CodeIgniter->run()
 9 SYSTEMPATH\Boot.php(67): CodeIgniter\Boot::runCodeIgniter(Object(CodeIgniter\CodeIgniter))
10 FCPATH\index.php(56): CodeIgniter\Boot::bootWeb(Object(Config\Paths))
11 SYSTEMPATH\rewrite.php(44): require_once('F:\\PROJECT\\Proses\\properti\\public\\index.php')
INFO - 2025-01-06 11:11:20 --> Session: Class initialized using 'CodeIgniter\Session\Handlers\FileHandler' driver.
INFO - 2025-01-06 11:11:54 --> Session: Class initialized using 'CodeIgniter\Session\Handlers\FileHandler' driver.
INFO - 2025-01-06 11:11:55 --> Session: Class initialized using 'CodeIgniter\Session\Handlers\FileHandler' driver.
INFO - 2025-01-06 11:12:01 --> Session: Class initialized using 'CodeIgniter\Session\Handlers\FileHandler' driver.
INFO - 2025-01-06 11:12:01 --> Session: Class initialized using 'CodeIgniter\Session\Handlers\FileHandler' driver.
CRITICAL - 2025-01-06 11:12:01 --> ErrorException: include(F:\PROJECT\Proses\properti\vendor\composer/../../app/Models/ArtModel.php): Failed to open stream: No such file or directory
[Method: GET, Route: dashboard]
in VENDORPATH\composer\ClassLoader.php on line 576.
 1 VENDORPATH\composer\ClassLoader.php(576): CodeIgniter\Debug\Exceptions->errorHandler(2, 'include(F:\\PROJECT\\Proses\\properti\\vendor\\composer/../../app/Models/ArtModel.php): Failed to open stream: No such file or directory', 'F:\\PROJECT\\Proses\\properti\\vendor\\composer\\ClassLoader.php', 576)
 2 VENDORPATH\composer\ClassLoader.php(576): include()
 3 VENDORPATH\composer\ClassLoader.php(427): Composer\Autoload\{closure}('F:\\PROJECT\\Proses\\properti\\vendor\\composer/../../app/Models/ArtModel.php')
 4 APPPATH\Controllers\Dashboard.php(25): Composer\Autoload\ClassLoader->loadClass('App\\Models\\ArtModel')
 5 SYSTEMPATH\CodeIgniter.php(903): App\Controllers\Dashboard->__construct()
 6 SYSTEMPATH\CodeIgniter.php(500): CodeIgniter\CodeIgniter->createController()
 7 SYSTEMPATH\CodeIgniter.php(355): CodeIgniter\CodeIgniter->handleRequest(null, Object(Config\Cache), false)
 8 SYSTEMPATH\Boot.php(325): CodeIgniter\CodeIgniter->run()
 9 SYSTEMPATH\Boot.php(67): CodeIgniter\Boot::runCodeIgniter(Object(CodeIgniter\CodeIgniter))
10 FCPATH\index.php(56): CodeIgniter\Boot::bootWeb(Object(Config\Paths))
11 SYSTEMPATH\rewrite.php(44): require_once('F:\\PROJECT\\Proses\\properti\\public\\index.php')
INFO - 2025-01-06 11:13:44 --> Session: Class initialized using 'CodeIgniter\Session\Handlers\FileHandler' driver.
INFO - 2025-01-06 11:14:50 --> Session: Class initialized using 'CodeIgniter\Session\Handlers\FileHandler' driver.
CRITICAL - 2025-01-06 11:14:54 --> CodeIgniter\View\Exceptions\ViewException: Invalid file: "admin/toko/data_toko.php"
[Method: GET, Route: toko/data-toko]
in SYSTEMPATH\Exceptions\FrameworkException.php on line 41.
 1 SYSTEMPATH\View\View.php(222): CodeIgniter\Exceptions\FrameworkException::forInvalidFile('admin/toko/data_toko.php')
 2 SYSTEMPATH\Common.php(1171): CodeIgniter\View\View->render('admin/toko/data_toko', [], true)
 3 APPPATH\Controllers\Toko.php(81): view('admin/toko/data_toko', [...])
 4 SYSTEMPATH\CodeIgniter.php(933): App\Controllers\Toko->toko()
 5 SYSTEMPATH\CodeIgniter.php(509): CodeIgniter\CodeIgniter->runController(Object(App\Controllers\Toko))
 6 SYSTEMPATH\CodeIgniter.php(355): CodeIgniter\CodeIgniter->handleRequest(null, Object(Config\Cache), false)
 7 SYSTEMPATH\Boot.php(325): CodeIgniter\CodeIgniter->run()
 8 SYSTEMPATH\Boot.php(67): CodeIgniter\Boot::runCodeIgniter(Object(CodeIgniter\CodeIgniter))
 9 FCPATH\index.php(56): CodeIgniter\Boot::bootWeb(Object(Config\Paths))
10 SYSTEMPATH\rewrite.php(44): require_once('F:\\PROJECT\\Proses\\properti\\public\\index.php')
INFO - 2025-01-06 11:15:43 --> Session: Class initialized using 'CodeIgniter\Session\Handlers\FileHandler' driver.
CRITICAL - 2025-01-06 11:15:43 --> ErrorException: Undefined variable $allArt
[Method: GET, Route: toko/data-toko]
in APPPATH\Views\admin\toko\data_toko.php on line 37.
 1 APPPATH\Views\admin\toko\data_toko.php(37): CodeIgniter\Debug\Exceptions->errorHandler(2, 'Undefined variable $allArt', 'F:\\PROJECT\\Proses\\properti\\app\\Views\\admin\\toko\\data_toko.php', 37)
 2 SYSTEMPATH\View\View.php(234): include('F:\\PROJECT\\Proses\\properti\\app\\Views\\admin\\toko\\data_toko.php')
 3 SYSTEMPATH\View\View.php(237): CodeIgniter\View\View->CodeIgniter\View\{closure}()
 4 SYSTEMPATH\Common.php(1171): CodeIgniter\View\View->render('admin/toko/data_toko', [], true)
 5 APPPATH\Controllers\Toko.php(81): view('admin/toko/data_toko', [...])
 6 SYSTEMPATH\CodeIgniter.php(933): App\Controllers\Toko->toko()
 7 SYSTEMPATH\CodeIgniter.php(509): CodeIgniter\CodeIgniter->runController(Object(App\Controllers\Toko))
 8 SYSTEMPATH\CodeIgniter.php(355): CodeIgniter\CodeIgniter->handleRequest(null, Object(Config\Cache), false)
 9 SYSTEMPATH\Boot.php(325): CodeIgniter\CodeIgniter->run()
10 SYSTEMPATH\Boot.php(67): CodeIgniter\Boot::runCodeIgniter(Object(CodeIgniter\CodeIgniter))
11 FCPATH\index.php(56): CodeIgniter\Boot::bootWeb(Object(Config\Paths))
12 SYSTEMPATH\rewrite.php(44): require_once('F:\\PROJECT\\Proses\\properti\\public\\index.php')
INFO - 2025-01-06 11:16:24 --> Session: Class initialized using 'CodeIgniter\Session\Handlers\FileHandler' driver.
CRITICAL - 2025-01-06 11:16:24 --> ErrorException: Undefined variable $jmltoko
[Method: GET, Route: toko/data-toko]
in APPPATH\Views\admin\toko\data_toko.php on line 66.
 1 APPPATH\Views\admin\toko\data_toko.php(66): CodeIgniter\Debug\Exceptions->errorHandler(2, 'Undefined variable $jmltoko', 'F:\\PROJECT\\Proses\\properti\\app\\Views\\admin\\toko\\data_toko.php', 66)
 2 SYSTEMPATH\View\View.php(234): include('F:\\PROJECT\\Proses\\properti\\app\\Views\\admin\\toko\\data_toko.php')
 3 SYSTEMPATH\View\View.php(237): CodeIgniter\View\View->CodeIgniter\View\{closure}()
 4 SYSTEMPATH\Common.php(1171): CodeIgniter\View\View->render('admin/toko/data_toko', [], true)
 5 APPPATH\Controllers\Toko.php(81): view('admin/toko/data_toko', [...])
 6 SYSTEMPATH\CodeIgniter.php(933): App\Controllers\Toko->toko()
 7 SYSTEMPATH\CodeIgniter.php(509): CodeIgniter\CodeIgniter->runController(Object(App\Controllers\Toko))
 8 SYSTEMPATH\CodeIgniter.php(355): CodeIgniter\CodeIgniter->handleRequest(null, Object(Config\Cache), false)
 9 SYSTEMPATH\Boot.php(325): CodeIgniter\CodeIgniter->run()
10 SYSTEMPATH\Boot.php(67): CodeIgniter\Boot::runCodeIgniter(Object(CodeIgniter\CodeIgniter))
11 FCPATH\index.php(56): CodeIgniter\Boot::bootWeb(Object(Config\Paths))
12 SYSTEMPATH\rewrite.php(44): require_once('F:\\PROJECT\\Proses\\properti\\public\\index.php')
INFO - 2025-01-06 11:16:48 --> Session: Class initialized using 'CodeIgniter\Session\Handlers\FileHandler' driver.
INFO - 2025-01-06 11:21:48 --> Session: Class initialized using 'CodeIgniter\Session\Handlers\FileHandler' driver.
