ERROR - 2025-02-02 10:31:19 --> Error connecting to the database: mysqli_sql_exception: No connection could be made because the target machine actively refused it in F:\PROJECT\Proses\properti\vendor\codeigniter4\framework\system\Database\MySQLi\Connection.php:186
Stack trace:
#0 F:\PROJECT\Proses\properti\vendor\codeigniter4\framework\system\Database\MySQLi\Connection.php(186): mysqli->real_connect('localhost', 'root', Object(SensitiveParameterValue), 'properti', 3306, '', 0)
#1 F:\PROJECT\Proses\properti\vendor\codeigniter4\framework\system\Database\BaseConnection.php(421): CodeIgniter\Database\MySQLi\Connection->connect(false)
#2 F:\PROJECT\Proses\properti\vendor\codeigniter4\framework\system\Database\BaseConnection.php(616): CodeIgniter\Database\BaseConnection->initialize()
#3 F:\PROJECT\Proses\properti\vendor\codeigniter4\framework\system\Database\BaseBuilder.php(1644): CodeIgniter\Database\BaseConnection->query('SELECT *\nFROM `...', Array, false)
#4 F:\PROJECT\Proses\properti\vendor\codeigniter4\framework\system\Model.php(286): CodeIgniter\Database\BaseBuilder->get()
#5 F:\PROJECT\Proses\properti\vendor\codeigniter4\framework\system\BaseModel.php(676): CodeIgniter\Model->doFindAll(0, 0)
#6 F:\PROJECT\Proses\properti\app\Models\TipeModel.php(18): CodeIgniter\BaseModel->findAll()
#7 F:\PROJECT\Proses\properti\app\Controllers\Home.php(28): App\Models\TipeModel->semuaTipe()
#8 F:\PROJECT\Proses\properti\vendor\codeigniter4\framework\system\CodeIgniter.php(933): App\Controllers\Home->index()
#9 F:\PROJECT\Proses\properti\vendor\codeigniter4\framework\system\CodeIgniter.php(509): CodeIgniter\CodeIgniter->runController(Object(App\Controllers\Home))
#10 F:\PROJECT\Proses\properti\vendor\codeigniter4\framework\system\CodeIgniter.php(355): CodeIgniter\CodeIgniter->handleRequest(NULL, Object(Config\Cache), false)
#11 F:\PROJECT\Proses\properti\vendor\codeigniter4\framework\system\Boot.php(325): CodeIgniter\CodeIgniter->run()
#12 F:\PROJECT\Proses\properti\vendor\codeigniter4\framework\system\Boot.php(67): CodeIgniter\Boot::runCodeIgniter(Object(CodeIgniter\CodeIgniter))
#13 F:\PROJECT\Proses\properti\public\index.php(56): CodeIgniter\Boot::bootWeb(Object(Config\Paths))
#14 F:\PROJECT\Proses\properti\vendor\codeigniter4\framework\system\rewrite.php(44): require_once('F:\\PROJECT\\Pros...')
#15 {main}

Next CodeIgniter\Database\Exceptions\DatabaseException: No connection could be made because the target machine actively refused it in F:\PROJECT\Proses\properti\vendor\codeigniter4\framework\system\Database\MySQLi\Connection.php:231
Stack trace:
#0 F:\PROJECT\Proses\properti\vendor\codeigniter4\framework\system\Database\BaseConnection.php(421): CodeIgniter\Database\MySQLi\Connection->connect(false)
#1 F:\PROJECT\Proses\properti\vendor\codeigniter4\framework\system\Database\BaseConnection.php(616): CodeIgniter\Database\BaseConnection->initialize()
#2 F:\PROJECT\Proses\properti\vendor\codeigniter4\framework\system\Database\BaseBuilder.php(1644): CodeIgniter\Database\BaseConnection->query('SELECT *\nFROM `...', Array, false)
#3 F:\PROJECT\Proses\properti\vendor\codeigniter4\framework\system\Model.php(286): CodeIgniter\Database\BaseBuilder->get()
#4 F:\PROJECT\Proses\properti\vendor\codeigniter4\framework\system\BaseModel.php(676): CodeIgniter\Model->doFindAll(0, 0)
#5 F:\PROJECT\Proses\properti\app\Models\TipeModel.php(18): CodeIgniter\BaseModel->findAll()
#6 F:\PROJECT\Proses\properti\app\Controllers\Home.php(28): App\Models\TipeModel->semuaTipe()
#7 F:\PROJECT\Proses\properti\vendor\codeigniter4\framework\system\CodeIgniter.php(933): App\Controllers\Home->index()
#8 F:\PROJECT\Proses\properti\vendor\codeigniter4\framework\system\CodeIgniter.php(509): CodeIgniter\CodeIgniter->runController(Object(App\Controllers\Home))
#9 F:\PROJECT\Proses\properti\vendor\codeigniter4\framework\system\CodeIgniter.php(355): CodeIgniter\CodeIgniter->handleRequest(NULL, Object(Config\Cache), false)
#10 F:\PROJECT\Proses\properti\vendor\codeigniter4\framework\system\Boot.php(325): CodeIgniter\CodeIgniter->run()
#11 F:\PROJECT\Proses\properti\vendor\codeigniter4\framework\system\Boot.php(67): CodeIgniter\Boot::runCodeIgniter(Object(CodeIgniter\CodeIgniter))
#12 F:\PROJECT\Proses\properti\public\index.php(56): CodeIgniter\Boot::bootWeb(Object(Config\Paths))
#13 F:\PROJECT\Proses\properti\vendor\codeigniter4\framework\system\rewrite.php(44): require_once('F:\\PROJECT\\Pros...')
#14 {main}
CRITICAL - 2025-02-02 10:31:19 --> CodeIgniter\Database\Exceptions\DatabaseException: Unable to connect to the database.
Main connection [MySQLi]: No connection could be made because the target machine actively refused it
[Method: GET, Route: /]
in SYSTEMPATH\Database\BaseConnection.php on line 467.
 1 SYSTEMPATH\Database\BaseConnection.php(616): CodeIgniter\Database\BaseConnection->initialize()
 2 SYSTEMPATH\Database\BaseBuilder.php(1644): CodeIgniter\Database\BaseConnection->query('SELECT *
FROM `data_tipe`
ORDER BY `updated_at` DESC', [], false)
 3 SYSTEMPATH\Model.php(286): CodeIgniter\Database\BaseBuilder->get()
 4 SYSTEMPATH\BaseModel.php(676): CodeIgniter\Model->doFindAll(0, 0)
 5 APPPATH\Models\TipeModel.php(18): CodeIgniter\BaseModel->findAll()
 6 APPPATH\Controllers\Home.php(28): App\Models\TipeModel->semuaTipe()
 7 SYSTEMPATH\CodeIgniter.php(933): App\Controllers\Home->index()
 8 SYSTEMPATH\CodeIgniter.php(509): CodeIgniter\CodeIgniter->runController(Object(App\Controllers\Home))
 9 SYSTEMPATH\CodeIgniter.php(355): CodeIgniter\CodeIgniter->handleRequest(null, Object(Config\Cache), false)
10 SYSTEMPATH\Boot.php(325): CodeIgniter\CodeIgniter->run()
11 SYSTEMPATH\Boot.php(67): CodeIgniter\Boot::runCodeIgniter(Object(CodeIgniter\CodeIgniter))
12 FCPATH\index.php(56): CodeIgniter\Boot::bootWeb(Object(Config\Paths))
13 SYSTEMPATH\rewrite.php(44): require_once('F:\\PROJECT\\Proses\\properti\\public\\index.php')
INFO - 2025-02-02 10:32:43 --> Session: Class initialized using 'CodeIgniter\Session\Handlers\FileHandler' driver.
CRITICAL - 2025-02-02 10:52:26 --> Error: Call to a member function getVar() on null
[Method: GET, Route: toko]
in APPPATH\Models\TokoModel.php on line 60.
 1 APPPATH\Controllers\Toko.php(34): App\Models\TokoModel->getAllToko(12, 'terbaru', 'semua', 'semua', null)
 2 SYSTEMPATH\CodeIgniter.php(933): App\Controllers\Toko->index()
 3 SYSTEMPATH\CodeIgniter.php(509): CodeIgniter\CodeIgniter->runController(Object(App\Controllers\Toko))
 4 SYSTEMPATH\CodeIgniter.php(355): CodeIgniter\CodeIgniter->handleRequest(null, Object(Config\Cache), false)
 5 SYSTEMPATH\Boot.php(325): CodeIgniter\CodeIgniter->run()
 6 SYSTEMPATH\Boot.php(67): CodeIgniter\Boot::runCodeIgniter(Object(CodeIgniter\CodeIgniter))
 7 FCPATH\index.php(56): CodeIgniter\Boot::bootWeb(Object(Config\Paths))
 8 SYSTEMPATH\rewrite.php(44): require_once('F:\\PROJECT\\Proses\\properti\\public\\index.php')
